SF:src/app.controller.ts
DA:1,2
DA:2,2
DA:5,2
DA:6,2
DA:9,2
DA:10,2
end_of_record
SF:src/app.module.ts
DA:1,0
DA:2,0
DA:3,0
DA:4,0
DA:5,0
DA:6,0
DA:7,0
DA:9,0
DA:10,0
DA:11,0
DA:12,0
DA:13,0
DA:15,0
DA:37,0
BRDA:12,0,0,0
BRDA:12,0,1,0
BRDA:23,1,0,0
BRDA:23,1,1,0
BRDA:25,2,0,0
BRDA:25,2,1,0
BRDA:26,3,0,0
BRDA:26,3,1,0
end_of_record
SF:src/app.service.ts
DA:1,2
DA:4,2
DA:6,2
end_of_record
SF:src/main.ts
DA:1,0
DA:2,0
DA:3,0
DA:6,0
DA:7,0
DA:14,0
DA:15,0
DA:17,0
DA:19,0
end_of_record
SF:src/users/users.controller.ts
DA:1,2
DA:10,2
DA:11,2
DA:12,2
DA:13,2
DA:17,2
DA:18,2
DA:21,2
DA:22,0
DA:26,2
DA:27,0
DA:31,2
DA:32,0
DA:36,2
DA:37,0
DA:41,2
DA:42,0
end_of_record
SF:src/users/users.module.ts
DA:1,0
DA:2,0
DA:3,0
DA:4,0
DA:5,0
DA:12,0
end_of_record
SF:src/users/users.service.ts
DA:1,4
DA:2,4
DA:3,4
DA:4,4
DA:10,4
DA:13,16
DA:17,2
DA:18,2
DA:19,2
DA:23,2
DA:27,4
DA:31,2
DA:32,2
DA:36,4
DA:37,4
DA:38,2
DA:40,2
end_of_record
SF:src/users/dto/create-user.dto.ts
DA:1,2
DA:2,2
DA:4,2
end_of_record
SF:src/users/dto/update-user.dto.ts
DA:1,2
DA:3,2
end_of_record
SF:src/users/dto/user.dto.ts
DA:1,2
DA:3,2
DA:8,2
DA:14,2
DA:20,2
end_of_record
SF:src/users/entities/users.entity.ts
DA:1,4
DA:2,4
DA:5,4
DA:11,4
DA:15,4
DA:22,4
DA:25,6
DA:26,6
BRDA:25,0,0,6
BRDA:25,0,1,0
BRDA:26,1,0,6
BRDA:26,1,1,0
end_of_record
